# JRE version: OpenJDK Runtime Environment (8.0_242-b01) (build 1.8.0_242-release-1644-b01)
# Java VM: OpenJDK 64-Bit Server VM (25.242-b01 mixed mode windows-amd64 compressed oops)
Heap:
 PSYoungGen      total 70656K, used 30185K [0x00000000d6200000, 0x00000000dac00000, 0x0000000100000000)
  eden space 65536K, 46% used [0x00000000d6200000,0x00000000d7f7a608,0x00000000da200000)
  from space 5120K, 0% used [0x00000000da700000,0x00000000da700000,0x00000000dac00000)
  to   space 5120K, 0% used [0x00000000da200000,0x00000000da200000,0x00000000da700000)
 ParOldGen       total 65536K, used 8962K [0x0000000082600000, 0x0000000086600000, 0x00000000d6200000)
  object space 65536K, 13% used [0x0000000082600000,0x0000000082ec0b50,0x0000000086600000)
 Metaspace       used 22538K, capacity 22976K, committed 23296K, reserved 1073152K
  class space    used 2657K, capacity 2800K, committed 2816K, reserved 1048576K
GC Heap History (6 events):
Event: 0.430 GC heap before
{Heap before GC invocations=1 (full 0):
 PSYoungGen      total 37888K, used 32768K [0x00000000d6200000, 0x00000000d8c00000, 0x0000000100000000)
  eden space 32768K, 100% used [0x00000000d6200000,0x00000000d8200000,0x00000000d8200000)
  from space 5120K, 0% used [0x00000000d8700000,0x00000000d8700000,0x00000000d8c00000)
  to   space 5120K, 0% used [0x00000000d8200000,0x00000000d8200000,0x00000000d8700000)
 ParOldGen       total 86016K, used 0K [0x0000000082600000, 0x0000000087a00000, 0x00000000d6200000)
  object space 86016K, 0% used [0x0000000082600000,0x0000000082600000,0x0000000087a00000)
 Metaspace       used 10190K, capacity 10396K, committed 10624K, reserved 1058816K
  class space    used 1075K, capacity 1148K, committed 1152K, reserved 1048576K
Event: 0.435 GC heap after
Heap after GC invocations=1 (full 0):
 PSYoungGen      total 37888K, used 5104K [0x00000000d6200000, 0x00000000dac00000, 0x0000000100000000)
  eden space 32768K, 0% used [0x00000000d6200000,0x00000000d6200000,0x00000000d8200000)
  from space 5120K, 99% used [0x00000000d8200000,0x00000000d86fc210,0x00000000d8700000)
  to   space 5120K, 0% used [0x00000000da700000,0x00000000da700000,0x00000000dac00000)
 ParOldGen       total 86016K, used 2490K [0x0000000082600000, 0x0000000087a00000, 0x00000000d6200000)
  object space 86016K, 2% used [0x0000000082600000,0x000000008286e8f8,0x0000000087a00000)
 Metaspace       used 10190K, capacity 10396K, committed 10624K, reserved 1058816K
  class space    used 1075K, capacity 1148K, committed 1152K, reserved 1048576K
}
Event: 0.725 GC heap before
{Heap before GC invocations=2 (full 0):
 PSYoungGen      total 37888K, used 35017K [0x00000000d6200000, 0x00000000dac00000, 0x0000000100000000)
  eden space 32768K, 91% used [0x00000000d6200000,0x00000000d7f362c8,0x00000000d8200000)
  from space 5120K, 99% used [0x00000000d8200000,0x00000000d86fc210,0x00000000d8700000)
  to   space 5120K, 0% used [0x00000000da700000,0x00000000da700000,0x00000000dac00000)
 ParOldGen       total 86016K, used 2490K [0x0000000082600000, 0x0000000087a00000, 0x00000000d6200000)
  object space 86016K, 2% used [0x0000000082600000,0x000000008286e8f8,0x0000000087a00000)
 Metaspace       used 15218K, capacity 15482K, committed 15744K, reserved 1069056K
  class space    used 1729K, capacity 1803K, committed 1920K, reserved 1048576K
Event: 0.732 GC heap after
Heap after GC invocations=2 (full 0):
 PSYoungGen      total 70656K, used 5110K [0x00000000d6200000, 0x00000000dac00000, 0x0000000100000000)
  eden space 65536K, 0% used [0x00000000d6200000,0x00000000d6200000,0x00000000da200000)
  from space 5120K, 99% used [0x00000000da700000,0x00000000dabfd898,0x00000000dac00000)
  to   space 5120K, 0% used [0x00000000da200000,0x00000000da200000,0x00000000da700000)
 ParOldGen       total 86016K, used 6753K [0x0000000082600000, 0x0000000087a00000, 0x00000000d6200000)
  object space 86016K, 7% used [0x0000000082600000,0x0000000082c98768,0x0000000087a00000)
 Metaspace       used 15218K, capacity 15482K, committed 15744K, reserved 1069056K
  class space    used 1729K, capacity 1803K, committed 1920K, reserved 1048576K
}
Event: 0.732 GC heap before
{Heap before GC invocations=3 (full 1):
 PSYoungGen      total 70656K, used 5110K [0x00000000d6200000, 0x00000000dac00000, 0x0000000100000000)
  eden space 65536K, 0% used [0x00000000d6200000,0x00000000d6200000,0x00000000da200000)
  from space 5120K, 99% used [0x00000000da700000,0x00000000dabfd898,0x00000000dac00000)
  to   space 5120K, 0% used [0x00000000da200000,0x00000000da200000,0x00000000da700000)
 ParOldGen       total 86016K, used 6753K [0x0000000082600000, 0x0000000087a00000, 0x00000000d6200000)
  object space 86016K, 7% used [0x0000000082600000,0x0000000082c98768,0x0000000087a00000)
 Metaspace       used 15218K, capacity 15482K, committed 15744K, reserved 1069056K
  class space    used 1729K, capacity 1803K, committed 1920K, reserved 1048576K
Event: 0.749 GC heap after
Heap after GC invocations=3 (full 1):
 PSYoungGen      total 70656K, used 0K [0x00000000d6200000, 0x00000000dac00000, 0x0000000100000000)
  eden space 65536K, 0% used [0x00000000d6200000,0x00000000d6200000,0x00000000da200000)
  from space 5120K, 0% used [0x00000000da700000,0x00000000da700000,0x00000000dac00000)
  to   space 5120K, 0% used [0x00000000da200000,0x00000000da200000,0x00000000da700000)
 ParOldGen       total 65536K, used 8962K [0x0000000082600000, 0x0000000086600000, 0x00000000d6200000)
  object space 65536K, 13% used [0x0000000082600000,0x0000000082ec0b50,0x0000000086600000)
 Metaspace       used 15218K, capacity 15482K, committed 15744K, reserved 1067008K
  class space    used 1729K, capacity 1803K, committed 1920K, reserved 1048576K
}

